<?xml version="1.0" encoding="UTF-8"?>
<!-- Generated by org.testng.reporters.JUnitReportReporter -->
<testsuite hostname="LAPTOP-0GGKSUV3" failures="0" tests="6" name="api.tests.UserDataDrivenTests" time="11.688" errors="0" timestamp="2024-07-16T20:25:40 IST" skipped="0">
  <testcase classname="api.tests.UserDataDrivenTests" name="createUserDD" time="2.246"/>
  <testcase classname="api.tests.UserDataDrivenTests" name="createUserDD" time="3.744"/>
  <testcase classname="api.tests.UserDataDrivenTests" name="createUserDD" time="2.285"/>
  <testcase classname="api.tests.UserDataDrivenTests" name="deleteUser" time="1.130"/>
  <testcase classname="api.tests.UserDataDrivenTests" name="deleteUser" time="1.163"/>
  <testcase classname="api.tests.UserDataDrivenTests" name="deleteUser" time="1.120"/>
</testsuite> <!-- api.tests.UserDataDrivenTests -->
