<?xml version="1.0" encoding="UTF-8"?>
<!-- Generated by org.testng.reporters.JUnitReportReporter -->
<testsuite hostname="LAPTOP-0GGKSUV3" failures="0" tests="4" name="api.tests.UserModuleTestsbyProperties" time="7.111" errors="0" timestamp="2024-07-18T11:31:32 IST" skipped="0">
  <testcase classname="api.tests.UserModuleTestsbyProperties" name="testCreateUser" time="2.556"/>
  <testcase classname="api.tests.UserModuleTestsbyProperties" name="UserGetByName" time="1.126"/>
  <testcase classname="api.tests.UserModuleTestsbyProperties" name="updateUserByName" time="2.301"/>
  <testcase classname="api.tests.UserModuleTestsbyProperties" name="deleteUserByusername" time="1.128"/>
</testsuite> <!-- api.tests.UserModuleTestsbyProperties -->
