<?xml version="1.0" encoding="UTF-8"?>
<!-- Generated by org.testng.reporters.JUnitReportReporter -->
<testsuite hostname="LAPTOP-0GGKSUV3" failures="0" tests="4" name="api.tests.UserModuleTests" time="7.510" errors="0" timestamp="2024-07-18T08:56:08 IST" skipped="0">
  <testcase classname="api.tests.UserModuleTests" name="testCreateUser" time="2.862"/>
  <testcase classname="api.tests.UserModuleTests" name="UserGetByName" time="1.147"/>
  <testcase classname="api.tests.UserModuleTests" name="updateUserByName" time="2.349"/>
  <testcase classname="api.tests.UserModuleTests" name="deleteUserByusername" time="1.152"/>
</testsuite> <!-- api.tests.UserModuleTests -->
